<?xml version="1.0" encoding="UTF-8"?>
<testng-results ignored="0" total="1" passed="1" failed="0" skipped="0">
  <reporter-output>
  </reporter-output>
  <suite started-at="2026-07-09T20:31:57 IST" name="Suite" finished-at="2026-07-09T20:31:57 IST" duration-ms="117">
    <groups>
      <group name="Regression">
        <method signature="Demo1Test.movie1Test()[pri:0, instance:Demo.Demo1Test@223d2c72]" name="movie1Test" class="Demo.Demo1Test"/>
      </group> <!-- Regression -->
    </groups>
    <test started-at="2026-07-09T20:31:57 IST" name="Test" finished-at="2026-07-09T20:31:57 IST" duration-ms="117">
      <class name="Demo.Demo1Test">
        <test-method signature="movie1Test()[pri:0, instance:Demo.Demo1Test@223d2c72]" started-at="2026-07-09T20:31:57 IST" name="movie1Test" finished-at="2026-07-09T20:31:57 IST" duration-ms="23" status="PASS">
          <reporter-output>
          </reporter-output>
        </test-method> <!-- movie1Test -->
      </class> <!-- Demo.Demo1Test -->
    </test> <!-- Test -->
  </suite> <!-- Suite -->
</testng-results>
